[INFO]: select * from user_data, duration: 292s2025-07-10 00:04:14,748 - INFO - Successfully wrote to file: log_queries.log

[INFO]: select * from user_data, duration: 375s2025-07-10 00:06:07,976 - INFO - Successfully wrote to file: log_queries.log

[INFO]: select * from user_data, duration: 417s2025-07-10 00:06:13,589 - INFO - Successfully wrote to file: log_queries.log

[INFO]: select * from user_data, duration: 5956708s2025-07-10 00:08:14,538 - INFO - Successfully wrote to file: log_queries.log

[INFO]: select * from user_data, duration: 2711083s2025-07-10 00:09:19,635 - INFO - Successfully wrote to file: log_queries.log

[INFO]: select * from user_data, duration: 1909000s2025-07-10 00:09:27,299 - INFO - Successfully wrote to file: log_queries.log

[INFO]: select * from user_data, duration: 3317959s2025-07-10 00:09:48,996 - INFO - Successfully wrote to file: log_queries.log

[INFO]: select * from user_data, duration: 2636625s2025-07-10 00:10:48,982 - INFO - Successfully wrote to file: log_queries.log

[INFO]: select * from user_data, duration: 13197250s, 2025-07-10 00:15:24.0389532025-07-10 00:15:24,039 - INFO - Successfully wrote to file: log_queries.log

2025-07-10 00:19:05,062 - INFO - Successfully wrote to file: log_queries_20250710_001905.log

2025-07-10 00:19:05,062 - CRITICAL - An unexpected error occurred during file write for log_queries_20250710_001905.log: name 'log_filename' is not defined

2025-07-10 00:19:23,961 - INFO - Successfully wrote to file: log_queries_20250710_001923.log

2025-07-10 00:20:56,397 - INFO - Successfully wrote to file: log_queries_20250710.log

2025-07-10 00:20:57,712 - INFO - Successfully wrote to file: log_queries_20250710.log

2025-07-10 00:21:04,622 - INFO - Successfully wrote to file: log_queries_20250710.log

2025-07-10 00:21:07,992 - INFO - Successfully wrote to file: log_queries_20250710.log

2025-07-10 00:21:20,984 - INFO - Successfully wrote to file: log_queries_20250710.log

2025-07-10 00:21:39,925 - INFO - Successfully wrote to file: log_queries_20250710.log

2025-07-10 00:21:42,726 - INFO - Successfully wrote to file: log_queries_20250710.log

2025-07-10 00:21:50,054 - INFO - Successfully wrote to file: log_queries_20250710.log

2025-07-10 00:24:52,748 - INFO - Successfully wrote to file: log_queries_20250710.log

